{"D:\\ОБУЧЕНИЕ\\GoIT\\GoIt_Work\\NodeJS\\nodejs-GoIT-phonebook-API\\config\\passport.js": {"path":"D:\\ОБУЧЕНИЕ\\GoIT\\GoIt_Work\\NodeJS\\nodejs-GoIT-phonebook-API\\config\\passport.js","statementMap":{"0":{"start":{"line":1,"column":17},"end":{"line":1,"column":36}},"1":{"start":{"line":2,"column":33},"end":{"line":2,"column":56}},"2":{"start":{"line":3,"column":18},"end":{"line":3,"column":48}},"3":{"start":{"line":5,"column":0},"end":{"line":5,"column":26}},"4":{"start":{"line":6,"column":19},"end":{"line":6,"column":41}},"5":{"start":{"line":8,"column":15},"end":{"line":11,"column":1}},"6":{"start":{"line":13,"column":0},"end":{"line":28,"column":1}},"7":{"start":{"line":15,"column":4},"end":{"line":26,"column":5}},"8":{"start":{"line":16,"column":19},"end":{"line":16,"column":55}},"9":{"start":{"line":17,"column":6},"end":{"line":19,"column":7}},"10":{"start":{"line":18,"column":8},"end":{"line":18,"column":48}},"11":{"start":{"line":20,"column":6},"end":{"line":22,"column":7}},"12":{"start":{"line":21,"column":8},"end":{"line":21,"column":32}},"13":{"start":{"line":23,"column":6},"end":{"line":23,"column":29}},"14":{"start":{"line":25,"column":6},"end":{"line":25,"column":17}}},"fnMap":{"0":{"name":"(anonymous_0)","decl":{"start":{"line":14,"column":23},"end":{"line":14,"column":24}},"loc":{"start":{"line":14,"column":48},"end":{"line":27,"column":3}},"line":14}},"branchMap":{"0":{"loc":{"start":{"line":17,"column":6},"end":{"line":19,"column":7}},"type":"if","locations":[{"start":{"line":17,"column":6},"end":{"line":19,"column":7}},{"start":{"line":17,"column":6},"end":{"line":19,"column":7}}],"line":17},"1":{"loc":{"start":{"line":20,"column":6},"end":{"line":22,"column":7}},"type":"if","locations":[{"start":{"line":20,"column":6},"end":{"line":22,"column":7}},{"start":{"line":20,"column":6},"end":{"line":22,"column":7}}],"line":20}},"s":{"0":1,"1":1,"2":1,"3":1,"4":1,"5":1,"6":1,"7":11,"8":11,"9":11,"10":0,"11":11,"12":0,"13":11,"14":0},"f":{"0":11},"b":{"0":[0,11],"1":[0,11]},"_coverageSchema":"1a1c01bbd47fc00a2c39e90264f33305004495a9","hash":"1b6113f146d82b336add5f761ad3d0fde06465ec"}
,"D:\\ОБУЧЕНИЕ\\GoIT\\GoIt_Work\\NodeJS\\nodejs-GoIT-phonebook-API\\src\\app.js": {"path":"D:\\ОБУЧЕНИЕ\\GoIT\\GoIt_Work\\NodeJS\\nodejs-GoIT-phonebook-API\\src\\app.js","statementMap":{"0":{"start":{"line":1,"column":16},"end":{"line":1,"column":34}},"1":{"start":{"line":2,"column":13},"end":{"line":2,"column":28}},"2":{"start":{"line":3,"column":13},"end":{"line":3,"column":28}},"3":{"start":{"line":4,"column":0},"end":{"line":4,"column":26}},"4":{"start":{"line":6,"column":21},"end":{"line":6,"column":50}},"5":{"start":{"line":7,"column":27},"end":{"line":7,"column":68}},"6":{"start":{"line":8,"column":24},"end":{"line":8,"column":59}},"7":{"start":{"line":10,"column":12},"end":{"line":10,"column":21}},"8":{"start":{"line":12,"column":0},"end":{"line":12,"column":89}},"9":{"start":{"line":14,"column":0},"end":{"line":14,"column":15}},"10":{"start":{"line":15,"column":0},"end":{"line":15,"column":23}},"11":{"start":{"line":17,"column":0},"end":{"line":17,"column":48}},"12":{"start":{"line":19,"column":0},"end":{"line":19,"column":34}},"13":{"start":{"line":20,"column":0},"end":{"line":20,"column":40}},"14":{"start":{"line":22,"column":0},"end":{"line":29,"column":2}},"15":{"start":{"line":23,"column":2},"end":{"line":28,"column":4}},"16":{"start":{"line":31,"column":0},"end":{"line":39,"column":2}},"17":{"start":{"line":32,"column":2},"end":{"line":32,"column":71}},"18":{"start":{"line":33,"column":2},"end":{"line":38,"column":4}},"19":{"start":{"line":41,"column":0},"end":{"line":41,"column":20}}},"fnMap":{"0":{"name":"(anonymous_0)","decl":{"start":{"line":22,"column":8},"end":{"line":22,"column":9}},"loc":{"start":{"line":22,"column":28},"end":{"line":29,"column":1}},"line":22},"1":{"name":"(anonymous_1)","decl":{"start":{"line":31,"column":8},"end":{"line":31,"column":9}},"loc":{"start":{"line":31,"column":33},"end":{"line":39,"column":1}},"line":31}},"branchMap":{"0":{"loc":{"start":{"line":32,"column":15},"end":{"line":32,"column":71}},"type":"cond-expr","locations":[{"start":{"line":32,"column":28},"end":{"line":32,"column":38}},{"start":{"line":32,"column":41},"end":{"line":32,"column":71}}],"line":32},"1":{"loc":{"start":{"line":33,"column":13},"end":{"line":33,"column":57}},"type":"binary-expr","locations":[{"start":{"line":33,"column":13},"end":{"line":33,"column":23}},{"start":{"line":33,"column":27},"end":{"line":33,"column":57}}],"line":33},"2":{"loc":{"start":{"line":34,"column":12},"end":{"line":34,"column":49}},"type":"cond-expr","locations":[{"start":{"line":34,"column":33},"end":{"line":34,"column":39}},{"start":{"line":34,"column":42},"end":{"line":34,"column":49}}],"line":34},"3":{"loc":{"start":{"line":37,"column":10},"end":{"line":37,"column":65}},"type":"cond-expr","locations":[{"start":{"line":37,"column":31},"end":{"line":37,"column":54}},{"start":{"line":37,"column":57},"end":{"line":37,"column":65}}],"line":37}},"s":{"0":1,"1":1,"2":1,"3":1,"4":1,"5":1,"6":1,"7":1,"8":1,"9":1,"10":1,"11":1,"12":1,"13":1,"14":1,"15":0,"16":1,"17":7,"18":7,"19":1},"f":{"0":0,"1":7},"b":{"0":[7,0],"1":[7,0],"2":[0,7],"3":[0,7]},"_coverageSchema":"1a1c01bbd47fc00a2c39e90264f33305004495a9","hash":"70c6c85c425210b4329d805cfd2e27ac91699beb"}
,"D:\\ОБУЧЕНИЕ\\GoIT\\GoIt_Work\\NodeJS\\nodejs-GoIT-phonebook-API\\src\\api\\contacts\\contacts-router.js": {"path":"D:\\ОБУЧЕНИЕ\\GoIT\\GoIt_Work\\NodeJS\\nodejs-GoIT-phonebook-API\\src\\api\\contacts\\contacts-router.js","statementMap":{"0":{"start":{"line":1,"column":16},"end":{"line":1,"column":34}},"1":{"start":{"line":2,"column":28},"end":{"line":2,"column":77}},"2":{"start":{"line":3,"column":26},"end":{"line":3,"column":72}},"3":{"start":{"line":4,"column":18},"end":{"line":4,"column":48}},"4":{"start":{"line":6,"column":23},"end":{"line":6,"column":39}},"5":{"start":{"line":7,"column":0},"end":{"line":12,"column":96}},"6":{"start":{"line":14,"column":0},"end":{"line":14,"column":35}}},"fnMap":{},"branchMap":{},"s":{"0":1,"1":1,"2":1,"3":1,"4":1,"5":1,"6":1},"f":{},"b":{},"_coverageSchema":"1a1c01bbd47fc00a2c39e90264f33305004495a9","hash":"23035f4c4df0b49ae2f4b44bab040ae3821e632d"}
,"D:\\ОБУЧЕНИЕ\\GoIT\\GoIt_Work\\NodeJS\\nodejs-GoIT-phonebook-API\\src\\api\\users\\users-router.js": {"path":"D:\\ОБУЧЕНИЕ\\GoIT\\GoIt_Work\\NodeJS\\nodejs-GoIT-phonebook-API\\src\\api\\users\\users-router.js","statementMap":{"0":{"start":{"line":1,"column":16},"end":{"line":1,"column":34}},"1":{"start":{"line":2,"column":25},"end":{"line":2,"column":71}},"2":{"start":{"line":3,"column":23},"end":{"line":3,"column":66}},"3":{"start":{"line":4,"column":18},"end":{"line":4,"column":48}},"4":{"start":{"line":5,"column":15},"end":{"line":5,"column":46}},"5":{"start":{"line":7,"column":20},"end":{"line":7,"column":36}},"6":{"start":{"line":8,"column":0},"end":{"line":14,"column":115}},"7":{"start":{"line":16,"column":0},"end":{"line":16,"column":32}}},"fnMap":{},"branchMap":{},"s":{"0":1,"1":1,"2":1,"3":1,"4":1,"5":1,"6":1,"7":1},"f":{},"b":{},"_coverageSchema":"1a1c01bbd47fc00a2c39e90264f33305004495a9","hash":"f834aec40332f326540286fbfe97953a011af867"}
,"D:\\ОБУЧЕНИЕ\\GoIT\\GoIt_Work\\NodeJS\\nodejs-GoIT-phonebook-API\\src\\controllers\\contacts-controllers.js": {"path":"D:\\ОБУЧЕНИЕ\\GoIT\\GoIt_Work\\NodeJS\\nodejs-GoIT-phonebook-API\\src\\controllers\\contacts-controllers.js","statementMap":{"0":{"start":{"line":1,"column":21},"end":{"line":1,"column":51}},"1":{"start":{"line":2,"column":21},"end":{"line":2,"column":57}},"2":{"start":{"line":4,"column":21},"end":{"line":18,"column":1}},"3":{"start":{"line":5,"column":2},"end":{"line":17,"column":3}},"4":{"start":{"line":6,"column":19},"end":{"line":6,"column":30}},"5":{"start":{"line":7,"column":21},"end":{"line":7,"column":71}},"6":{"start":{"line":8,"column":4},"end":{"line":14,"column":6}},"7":{"start":{"line":16,"column":4},"end":{"line":16,"column":11}},"8":{"start":{"line":20,"column":23},"end":{"line":42,"column":1}},"9":{"start":{"line":21,"column":2},"end":{"line":41,"column":3}},"10":{"start":{"line":22,"column":19},"end":{"line":22,"column":30}},"11":{"start":{"line":23,"column":20},"end":{"line":23,"column":73}},"12":{"start":{"line":24,"column":4},"end":{"line":38,"column":5}},"13":{"start":{"line":25,"column":6},"end":{"line":31,"column":8}},"14":{"start":{"line":33,"column":6},"end":{"line":37,"column":8}},"15":{"start":{"line":40,"column":4},"end":{"line":40,"column":11}},"16":{"start":{"line":44,"column":19},"end":{"line":66,"column":1}},"17":{"start":{"line":45,"column":2},"end":{"line":65,"column":3}},"18":{"start":{"line":46,"column":19},"end":{"line":46,"column":30}},"19":{"start":{"line":47,"column":20},"end":{"line":47,"column":67}},"20":{"start":{"line":48,"column":4},"end":{"line":62,"column":5}},"21":{"start":{"line":49,"column":6},"end":{"line":55,"column":8}},"22":{"start":{"line":57,"column":6},"end":{"line":61,"column":8}},"23":{"start":{"line":64,"column":4},"end":{"line":64,"column":11}},"24":{"start":{"line":68,"column":22},"end":{"line":93,"column":1}},"25":{"start":{"line":69,"column":2},"end":{"line":92,"column":3}},"26":{"start":{"line":70,"column":19},"end":{"line":70,"column":30}},"27":{"start":{"line":71,"column":35},"end":{"line":71,"column":43}},"28":{"start":{"line":72,"column":4},"end":{"line":89,"column":5}},"29":{"start":{"line":73,"column":22},"end":{"line":73,"column":84}},"30":{"start":{"line":74,"column":6},"end":{"line":88,"column":7}},"31":{"start":{"line":75,"column":8},"end":{"line":81,"column":10}},"32":{"start":{"line":83,"column":8},"end":{"line":87,"column":10}},"33":{"start":{"line":89,"column":6},"end":{"line":89,"column":12}},"34":{"start":{"line":91,"column":4},"end":{"line":91,"column":11}},"35":{"start":{"line":95,"column":22},"end":{"line":115,"column":1}},"36":{"start":{"line":96,"column":2},"end":{"line":114,"column":3}},"37":{"start":{"line":97,"column":19},"end":{"line":97,"column":30}},"38":{"start":{"line":98,"column":20},"end":{"line":98,"column":72}},"39":{"start":{"line":99,"column":4},"end":{"line":111,"column":5}},"40":{"start":{"line":100,"column":6},"end":{"line":104,"column":8}},"41":{"start":{"line":106,"column":6},"end":{"line":110,"column":8}},"42":{"start":{"line":113,"column":4},"end":{"line":113,"column":11}},"43":{"start":{"line":117,"column":0},"end":{"line":119,"column":1}}},"fnMap":{"0":{"name":"(anonymous_0)","decl":{"start":{"line":4,"column":21},"end":{"line":4,"column":22}},"loc":{"start":{"line":4,"column":47},"end":{"line":18,"column":1}},"line":4},"1":{"name":"(anonymous_1)","decl":{"start":{"line":20,"column":23},"end":{"line":20,"column":24}},"loc":{"start":{"line":20,"column":49},"end":{"line":42,"column":1}},"line":20},"2":{"name":"(anonymous_2)","decl":{"start":{"line":44,"column":19},"end":{"line":44,"column":20}},"loc":{"start":{"line":44,"column":45},"end":{"line":66,"column":1}},"line":44},"3":{"name":"(anonymous_3)","decl":{"start":{"line":68,"column":22},"end":{"line":68,"column":23}},"loc":{"start":{"line":68,"column":48},"end":{"line":93,"column":1}},"line":68},"4":{"name":"(anonymous_4)","decl":{"start":{"line":95,"column":22},"end":{"line":95,"column":23}},"loc":{"start":{"line":95,"column":48},"end":{"line":115,"column":1}},"line":95}},"branchMap":{"0":{"loc":{"start":{"line":24,"column":4},"end":{"line":38,"column":5}},"type":"if","locations":[{"start":{"line":24,"column":4},"end":{"line":38,"column":5}},{"start":{"line":24,"column":4},"end":{"line":38,"column":5}}],"line":24},"1":{"loc":{"start":{"line":48,"column":4},"end":{"line":62,"column":5}},"type":"if","locations":[{"start":{"line":48,"column":4},"end":{"line":62,"column":5}},{"start":{"line":48,"column":4},"end":{"line":62,"column":5}}],"line":48},"2":{"loc":{"start":{"line":72,"column":4},"end":{"line":89,"column":5}},"type":"if","locations":[{"start":{"line":72,"column":4},"end":{"line":89,"column":5}},{"start":{"line":72,"column":4},"end":{"line":89,"column":5}}],"line":72},"3":{"loc":{"start":{"line":72,"column":8},"end":{"line":72,"column":30}},"type":"binary-expr","locations":[{"start":{"line":72,"column":8},"end":{"line":72,"column":12}},{"start":{"line":72,"column":16},"end":{"line":72,"column":21}},{"start":{"line":72,"column":25},"end":{"line":72,"column":30}}],"line":72},"4":{"loc":{"start":{"line":74,"column":6},"end":{"line":88,"column":7}},"type":"if","locations":[{"start":{"line":74,"column":6},"end":{"line":88,"column":7}},{"start":{"line":74,"column":6},"end":{"line":88,"column":7}}],"line":74},"5":{"loc":{"start":{"line":99,"column":4},"end":{"line":111,"column":5}},"type":"if","locations":[{"start":{"line":99,"column":4},"end":{"line":111,"column":5}},{"start":{"line":99,"column":4},"end":{"line":111,"column":5}}],"line":99}},"s":{"0":1,"1":1,"2":1,"3":1,"4":1,"5":1,"6":1,"7":0,"8":1,"9":2,"10":2,"11":2,"12":2,"13":1,"14":1,"15":0,"16":1,"17":1,"18":1,"19":1,"20":1,"21":1,"22":0,"23":0,"24":1,"25":1,"26":1,"27":1,"28":1,"29":1,"30":1,"31":1,"32":0,"33":0,"34":0,"35":1,"36":0,"37":0,"38":0,"39":0,"40":0,"41":0,"42":0,"43":1},"f":{"0":1,"1":2,"2":1,"3":1,"4":0},"b":{"0":[1,1],"1":[1,0],"2":[1,0],"3":[1,0,0],"4":[1,0],"5":[0,0]},"_coverageSchema":"1a1c01bbd47fc00a2c39e90264f33305004495a9","hash":"c8108864ffbb5b5b571c61bad448d241c10401ab"}
,"D:\\ОБУЧЕНИЕ\\GoIT\\GoIt_Work\\NodeJS\\nodejs-GoIT-phonebook-API\\src\\controllers\\users-controllers.js": {"path":"D:\\ОБУЧЕНИЕ\\GoIT\\GoIt_Work\\NodeJS\\nodejs-GoIT-phonebook-API\\src\\controllers\\users-controllers.js","statementMap":{"0":{"start":{"line":1,"column":12},"end":{"line":1,"column":35}},"1":{"start":{"line":2,"column":11},"end":{"line":2,"column":24}},"2":{"start":{"line":3,"column":13},"end":{"line":3,"column":28}},"3":{"start":{"line":4,"column":13},"end":{"line":4,"column":28}},"4":{"start":{"line":5,"column":31},"end":{"line":5,"column":63}},"5":{"start":{"line":6,"column":21},"end":{"line":6,"column":51}},"6":{"start":{"line":7,"column":18},"end":{"line":7,"column":51}},"7":{"start":{"line":9,"column":0},"end":{"line":9,"column":26}},"8":{"start":{"line":11,"column":19},"end":{"line":11,"column":41}},"9":{"start":{"line":13,"column":17},"end":{"line":40,"column":1}},"10":{"start":{"line":14,"column":2},"end":{"line":39,"column":3}},"11":{"start":{"line":15,"column":22},"end":{"line":15,"column":36}},"12":{"start":{"line":16,"column":17},"end":{"line":16,"column":51}},"13":{"start":{"line":17,"column":4},"end":{"line":24,"column":5}},"14":{"start":{"line":18,"column":6},"end":{"line":23,"column":8}},"15":{"start":{"line":25,"column":20},"end":{"line":25,"column":52}},"16":{"start":{"line":26,"column":4},"end":{"line":36,"column":6}},"17":{"start":{"line":38,"column":4},"end":{"line":38,"column":11}},"18":{"start":{"line":42,"column":14},"end":{"line":68,"column":1}},"19":{"start":{"line":43,"column":2},"end":{"line":67,"column":3}},"20":{"start":{"line":44,"column":32},"end":{"line":44,"column":40}},"21":{"start":{"line":45,"column":17},"end":{"line":45,"column":51}},"22":{"start":{"line":46,"column":4},"end":{"line":53,"column":5}},"23":{"start":{"line":47,"column":6},"end":{"line":52,"column":8}},"24":{"start":{"line":54,"column":15},"end":{"line":54,"column":23}},"25":{"start":{"line":55,"column":20},"end":{"line":55,"column":26}},"26":{"start":{"line":56,"column":18},"end":{"line":56,"column":68}},"27":{"start":{"line":57,"column":4},"end":{"line":57,"column":42}},"28":{"start":{"line":58,"column":4},"end":{"line":64,"column":6}},"29":{"start":{"line":66,"column":4},"end":{"line":66,"column":11}},"30":{"start":{"line":70,"column":27},"end":{"line":91,"column":1}},"31":{"start":{"line":71,"column":2},"end":{"line":90,"column":3}},"32":{"start":{"line":72,"column":36},"end":{"line":72,"column":44}},"33":{"start":{"line":73,"column":17},"end":{"line":73,"column":51}},"34":{"start":{"line":74,"column":4},"end":{"line":81,"column":5}},"35":{"start":{"line":75,"column":6},"end":{"line":80,"column":8}},"36":{"start":{"line":82,"column":4},"end":{"line":82,"column":54}},"37":{"start":{"line":83,"column":4},"end":{"line":87,"column":6}},"38":{"start":{"line":89,"column":4},"end":{"line":89,"column":11}},"39":{"start":{"line":93,"column":20},"end":{"line":131,"column":1}},"40":{"start":{"line":94,"column":19},"end":{"line":98,"column":3}},"41":{"start":{"line":99,"column":2},"end":{"line":130,"column":3}},"42":{"start":{"line":100,"column":4},"end":{"line":102,"column":5}},"43":{"start":{"line":101,"column":6},"end":{"line":101,"column":27}},"44":{"start":{"line":103,"column":22},"end":{"line":103,"column":57}},"45":{"start":{"line":104,"column":21},"end":{"line":109,"column":6}},"46":{"start":{"line":105,"column":6},"end":{"line":107,"column":7}},"47":{"start":{"line":106,"column":8},"end":{"line":106,"column":29}},"48":{"start":{"line":108,"column":6},"end":{"line":108,"column":20}},"49":{"start":{"line":111,"column":4},"end":{"line":113,"column":5}},"50":{"start":{"line":112,"column":6},"end":{"line":112,"column":19}},"51":{"start":{"line":115,"column":17},"end":{"line":115,"column":54}},"52":{"start":{"line":117,"column":4},"end":{"line":119,"column":5}},"53":{"start":{"line":118,"column":6},"end":{"line":118,"column":61}},"54":{"start":{"line":120,"column":4},"end":{"line":127,"column":6}},"55":{"start":{"line":129,"column":4},"end":{"line":129,"column":11}},"56":{"start":{"line":133,"column":15},"end":{"line":138,"column":1}},"57":{"start":{"line":134,"column":17},"end":{"line":134,"column":28}},"58":{"start":{"line":135,"column":2},"end":{"line":135,"column":43}},"59":{"start":{"line":137,"column":2},"end":{"line":137,"column":49}},"60":{"start":{"line":140,"column":16},"end":{"line":170,"column":1}},"61":{"start":{"line":141,"column":2},"end":{"line":169,"column":3}},"62":{"start":{"line":142,"column":15},"end":{"line":142,"column":26}},"63":{"start":{"line":143,"column":29},"end":{"line":143,"column":93}},"64":{"start":{"line":144,"column":21},"end":{"line":144,"column":34}},"65":{"start":{"line":145,"column":26},"end":{"line":145,"column":66}},"66":{"start":{"line":146,"column":18},"end":{"line":146,"column":43}},"67":{"start":{"line":147,"column":4},"end":{"line":150,"column":27}},"68":{"start":{"line":151,"column":4},"end":{"line":151,"column":65}},"69":{"start":{"line":152,"column":4},"end":{"line":152,"column":88}},"70":{"start":{"line":153,"column":19},"end":{"line":153,"column":63}},"71":{"start":{"line":154,"column":4},"end":{"line":158,"column":5}},"72":{"start":{"line":155,"column":6},"end":{"line":155,"column":82}},"73":{"start":{"line":157,"column":6},"end":{"line":157,"column":28}},"74":{"start":{"line":159,"column":4},"end":{"line":159,"column":44}},"75":{"start":{"line":160,"column":4},"end":{"line":166,"column":6}},"76":{"start":{"line":168,"column":4},"end":{"line":168,"column":11}},"77":{"start":{"line":172,"column":0},"end":{"line":174,"column":1}}},"fnMap":{"0":{"name":"(anonymous_0)","decl":{"start":{"line":13,"column":17},"end":{"line":13,"column":18}},"loc":{"start":{"line":13,"column":43},"end":{"line":40,"column":1}},"line":13},"1":{"name":"(anonymous_1)","decl":{"start":{"line":42,"column":14},"end":{"line":42,"column":15}},"loc":{"start":{"line":42,"column":40},"end":{"line":68,"column":1}},"line":42},"2":{"name":"(anonymous_2)","decl":{"start":{"line":70,"column":27},"end":{"line":70,"column":28}},"loc":{"start":{"line":70,"column":53},"end":{"line":91,"column":1}},"line":70},"3":{"name":"(anonymous_3)","decl":{"start":{"line":93,"column":20},"end":{"line":93,"column":21}},"loc":{"start":{"line":93,"column":46},"end":{"line":131,"column":1}},"line":93},"4":{"name":"(anonymous_4)","decl":{"start":{"line":104,"column":51},"end":{"line":104,"column":52}},"loc":{"start":{"line":104,"column":69},"end":{"line":109,"column":5}},"line":104},"5":{"name":"(anonymous_5)","decl":{"start":{"line":133,"column":15},"end":{"line":133,"column":16}},"loc":{"start":{"line":133,"column":41},"end":{"line":138,"column":1}},"line":133},"6":{"name":"(anonymous_6)","decl":{"start":{"line":140,"column":16},"end":{"line":140,"column":17}},"loc":{"start":{"line":140,"column":42},"end":{"line":170,"column":1}},"line":140},"7":{"name":"(anonymous_7)","decl":{"start":{"line":152,"column":78},"end":{"line":152,"column":79}},"loc":{"start":{"line":152,"column":84},"end":{"line":152,"column":87}},"line":152}},"branchMap":{"0":{"loc":{"start":{"line":17,"column":4},"end":{"line":24,"column":5}},"type":"if","locations":[{"start":{"line":17,"column":4},"end":{"line":24,"column":5}},{"start":{"line":17,"column":4},"end":{"line":24,"column":5}}],"line":17},"1":{"loc":{"start":{"line":46,"column":4},"end":{"line":53,"column":5}},"type":"if","locations":[{"start":{"line":46,"column":4},"end":{"line":53,"column":5}},{"start":{"line":46,"column":4},"end":{"line":53,"column":5}}],"line":46},"2":{"loc":{"start":{"line":46,"column":8},"end":{"line":46,"column":46}},"type":"binary-expr","locations":[{"start":{"line":46,"column":8},"end":{"line":46,"column":13}},{"start":{"line":46,"column":17},"end":{"line":46,"column":46}}],"line":46},"3":{"loc":{"start":{"line":74,"column":4},"end":{"line":81,"column":5}},"type":"if","locations":[{"start":{"line":74,"column":4},"end":{"line":81,"column":5}},{"start":{"line":74,"column":4},"end":{"line":81,"column":5}}],"line":74},"4":{"loc":{"start":{"line":100,"column":4},"end":{"line":102,"column":5}},"type":"if","locations":[{"start":{"line":100,"column":4},"end":{"line":102,"column":5}},{"start":{"line":100,"column":4},"end":{"line":102,"column":5}}],"line":100},"5":{"loc":{"start":{"line":105,"column":6},"end":{"line":107,"column":7}},"type":"if","locations":[{"start":{"line":105,"column":6},"end":{"line":107,"column":7}},{"start":{"line":105,"column":6},"end":{"line":107,"column":7}}],"line":105},"6":{"loc":{"start":{"line":111,"column":4},"end":{"line":113,"column":5}},"type":"if","locations":[{"start":{"line":111,"column":4},"end":{"line":113,"column":5}},{"start":{"line":111,"column":4},"end":{"line":113,"column":5}}],"line":111},"7":{"loc":{"start":{"line":111,"column":8},"end":{"line":111,"column":27}},"type":"binary-expr","locations":[{"start":{"line":111,"column":8},"end":{"line":111,"column":17}},{"start":{"line":111,"column":21},"end":{"line":111,"column":27}}],"line":111},"8":{"loc":{"start":{"line":117,"column":4},"end":{"line":119,"column":5}},"type":"if","locations":[{"start":{"line":117,"column":4},"end":{"line":119,"column":5}},{"start":{"line":117,"column":4},"end":{"line":119,"column":5}}],"line":117}},"s":{"0":1,"1":1,"2":1,"3":1,"4":1,"5":1,"6":1,"7":1,"8":1,"9":1,"10":0,"11":0,"12":0,"13":0,"14":0,"15":0,"16":0,"17":0,"18":1,"19":0,"20":0,"21":0,"22":0,"23":0,"24":0,"25":0,"26":0,"27":0,"28":0,"29":0,"30":1,"31":0,"32":0,"33":0,"34":0,"35":0,"36":0,"37":0,"38":0,"39":1,"40":0,"41":0,"42":0,"43":0,"44":0,"45":0,"46":0,"47":0,"48":0,"49":0,"50":0,"51":0,"52":0,"53":0,"54":0,"55":0,"56":1,"57":0,"58":0,"59":0,"60":1,"61":0,"62":0,"63":0,"64":0,"65":0,"66":0,"67":0,"68":0,"69":0,"70":0,"71":0,"72":0,"73":0,"74":0,"75":0,"76":0,"77":1},"f":{"0":0,"1":0,"2":0,"3":0,"4":0,"5":0,"6":0,"7":0},"b":{"0":[0,0],"1":[0,0],"2":[0,0],"3":[0,0],"4":[0,0],"5":[0,0],"6":[0,0],"7":[0,0],"8":[0,0]},"_coverageSchema":"1a1c01bbd47fc00a2c39e90264f33305004495a9","hash":"3ed2c16a9e78f7d3cf10d7960846deaa392b0b0c"}
,"D:\\ОБУЧЕНИЕ\\GoIT\\GoIt_Work\\NodeJS\\nodejs-GoIT-phonebook-API\\src\\helpers\\constans.js": {"path":"D:\\ОБУЧЕНИЕ\\GoIT\\GoIt_Work\\NodeJS\\nodejs-GoIT-phonebook-API\\src\\helpers\\constans.js","statementMap":{"0":{"start":{"line":1,"column":17},"end":{"line":11,"column":1}},"1":{"start":{"line":13,"column":21},"end":{"line":17,"column":1}},"2":{"start":{"line":19,"column":0},"end":{"line":21,"column":1}}},"fnMap":{},"branchMap":{},"s":{"0":1,"1":1,"2":1},"f":{},"b":{},"_coverageSchema":"1a1c01bbd47fc00a2c39e90264f33305004495a9","hash":"3bf99a83d4fea254a4d9ba74cf9bdf8450b9ec93"}
,"D:\\ОБУЧЕНИЕ\\GoIT\\GoIt_Work\\NodeJS\\nodejs-GoIT-phonebook-API\\src\\helpers\\create-dir.js": {"path":"D:\\ОБУЧЕНИЕ\\GoIT\\GoIt_Work\\NodeJS\\nodejs-GoIT-phonebook-API\\src\\helpers\\create-dir.js","statementMap":{"0":{"start":{"line":1,"column":11},"end":{"line":1,"column":33}},"1":{"start":{"line":3,"column":21},"end":{"line":8,"column":1}},"2":{"start":{"line":4,"column":2},"end":{"line":7,"column":23}},"3":{"start":{"line":6,"column":16},"end":{"line":6,"column":20}},"4":{"start":{"line":7,"column":17},"end":{"line":7,"column":22}},"5":{"start":{"line":10,"column":31},"end":{"line":14,"column":1}},"6":{"start":{"line":11,"column":2},"end":{"line":13,"column":3}},"7":{"start":{"line":12,"column":4},"end":{"line":12,"column":26}},"8":{"start":{"line":16,"column":0},"end":{"line":16,"column":39}}},"fnMap":{"0":{"name":"(anonymous_0)","decl":{"start":{"line":3,"column":21},"end":{"line":3,"column":22}},"loc":{"start":{"line":3,"column":31},"end":{"line":8,"column":1}},"line":3},"1":{"name":"(anonymous_1)","decl":{"start":{"line":6,"column":10},"end":{"line":6,"column":11}},"loc":{"start":{"line":6,"column":16},"end":{"line":6,"column":20}},"line":6},"2":{"name":"(anonymous_2)","decl":{"start":{"line":7,"column":11},"end":{"line":7,"column":12}},"loc":{"start":{"line":7,"column":17},"end":{"line":7,"column":22}},"line":7},"3":{"name":"(anonymous_3)","decl":{"start":{"line":10,"column":31},"end":{"line":10,"column":32}},"loc":{"start":{"line":10,"column":49},"end":{"line":14,"column":1}},"line":10}},"branchMap":{"0":{"loc":{"start":{"line":11,"column":2},"end":{"line":13,"column":3}},"type":"if","locations":[{"start":{"line":11,"column":2},"end":{"line":13,"column":3}},{"start":{"line":11,"column":2},"end":{"line":13,"column":3}}],"line":11}},"s":{"0":1,"1":1,"2":0,"3":0,"4":0,"5":1,"6":0,"7":0,"8":1},"f":{"0":0,"1":0,"2":0,"3":0},"b":{"0":[0,0]},"_coverageSchema":"1a1c01bbd47fc00a2c39e90264f33305004495a9","hash":"5304859d32cc40d924681910f2ac157bf0a0591c"}
,"D:\\ОБУЧЕНИЕ\\GoIT\\GoIt_Work\\NodeJS\\nodejs-GoIT-phonebook-API\\src\\helpers\\guard.js": {"path":"D:\\ОБУЧЕНИЕ\\GoIT\\GoIt_Work\\NodeJS\\nodejs-GoIT-phonebook-API\\src\\helpers\\guard.js","statementMap":{"0":{"start":{"line":1,"column":17},"end":{"line":1,"column":36}},"1":{"start":{"line":2,"column":0},"end":{"line":2,"column":32}},"2":{"start":{"line":3,"column":21},"end":{"line":3,"column":42}},"3":{"start":{"line":5,"column":14},"end":{"line":23,"column":1}},"4":{"start":{"line":6,"column":2},"end":{"line":22,"column":20}},"5":{"start":{"line":7,"column":16},"end":{"line":7,"column":20}},"6":{"start":{"line":8,"column":4},"end":{"line":11,"column":5}},"7":{"start":{"line":9,"column":28},"end":{"line":9,"column":63}},"8":{"start":{"line":10,"column":6},"end":{"line":10,"column":23}},"9":{"start":{"line":12,"column":4},"end":{"line":19,"column":5}},"10":{"start":{"line":13,"column":6},"end":{"line":18,"column":8}},"11":{"start":{"line":20,"column":4},"end":{"line":20,"column":19}},"12":{"start":{"line":21,"column":4},"end":{"line":21,"column":17}},"13":{"start":{"line":25,"column":0},"end":{"line":27,"column":1}}},"fnMap":{"0":{"name":"(anonymous_0)","decl":{"start":{"line":5,"column":14},"end":{"line":5,"column":15}},"loc":{"start":{"line":5,"column":34},"end":{"line":23,"column":1}},"line":5},"1":{"name":"(anonymous_1)","decl":{"start":{"line":6,"column":51},"end":{"line":6,"column":52}},"loc":{"start":{"line":6,"column":68},"end":{"line":22,"column":3}},"line":6}},"branchMap":{"0":{"loc":{"start":{"line":8,"column":4},"end":{"line":11,"column":5}},"type":"if","locations":[{"start":{"line":8,"column":4},"end":{"line":11,"column":5}},{"start":{"line":8,"column":4},"end":{"line":11,"column":5}}],"line":8},"1":{"loc":{"start":{"line":12,"column":4},"end":{"line":19,"column":5}},"type":"if","locations":[{"start":{"line":12,"column":4},"end":{"line":19,"column":5}},{"start":{"line":12,"column":4},"end":{"line":19,"column":5}}],"line":12},"2":{"loc":{"start":{"line":12,"column":8},"end":{"line":12,"column":46}},"type":"binary-expr","locations":[{"start":{"line":12,"column":8},"end":{"line":12,"column":13}},{"start":{"line":12,"column":17},"end":{"line":12,"column":22}},{"start":{"line":12,"column":26},"end":{"line":12,"column":46}}],"line":12}},"s":{"0":1,"1":1,"2":1,"3":1,"4":11,"5":11,"6":11,"7":11,"8":11,"9":11,"10":0,"11":11,"12":11,"13":1},"f":{"0":11,"1":11},"b":{"0":[11,0],"1":[0,11],"2":[11,11,11]},"_coverageSchema":"1a1c01bbd47fc00a2c39e90264f33305004495a9","hash":"913e7c97bfcf96c27d746bc313e318daaa725c1e"}
,"D:\\ОБУЧЕНИЕ\\GoIT\\GoIt_Work\\NodeJS\\nodejs-GoIT-phonebook-API\\src\\helpers\\upload.js": {"path":"D:\\ОБУЧЕНИЕ\\GoIT\\GoIt_Work\\NodeJS\\nodejs-GoIT-phonebook-API\\src\\helpers\\upload.js","statementMap":{"0":{"start":{"line":1,"column":15},"end":{"line":1,"column":32}},"1":{"start":{"line":2,"column":13},"end":{"line":2,"column":28}},"2":{"start":{"line":3,"column":0},"end":{"line":3,"column":26}},"3":{"start":{"line":5,"column":19},"end":{"line":5,"column":67}},"4":{"start":{"line":7,"column":16},"end":{"line":14,"column":2}},"5":{"start":{"line":9,"column":4},"end":{"line":9,"column":24}},"6":{"start":{"line":12,"column":4},"end":{"line":12,"column":31}},"7":{"start":{"line":16,"column":15},"end":{"line":26,"column":2}},"8":{"start":{"line":20,"column":4},"end":{"line":23,"column":5}},"9":{"start":{"line":21,"column":6},"end":{"line":21,"column":20}},"10":{"start":{"line":22,"column":6},"end":{"line":22,"column":12}},"11":{"start":{"line":24,"column":4},"end":{"line":24,"column":19}},"12":{"start":{"line":28,"column":0},"end":{"line":28,"column":23}}},"fnMap":{"0":{"name":"(anonymous_0)","decl":{"start":{"line":8,"column":15},"end":{"line":8,"column":16}},"loc":{"start":{"line":8,"column":40},"end":{"line":10,"column":3}},"line":8},"1":{"name":"(anonymous_1)","decl":{"start":{"line":11,"column":12},"end":{"line":11,"column":13}},"loc":{"start":{"line":11,"column":37},"end":{"line":13,"column":3}},"line":11},"2":{"name":"(anonymous_2)","decl":{"start":{"line":19,"column":14},"end":{"line":19,"column":15}},"loc":{"start":{"line":19,"column":39},"end":{"line":25,"column":3}},"line":19}},"branchMap":{"0":{"loc":{"start":{"line":20,"column":4},"end":{"line":23,"column":5}},"type":"if","locations":[{"start":{"line":20,"column":4},"end":{"line":23,"column":5}},{"start":{"line":20,"column":4},"end":{"line":23,"column":5}}],"line":20}},"s":{"0":1,"1":1,"2":1,"3":1,"4":1,"5":0,"6":0,"7":1,"8":0,"9":0,"10":0,"11":0,"12":1},"f":{"0":0,"1":0,"2":0},"b":{"0":[0,0]},"_coverageSchema":"1a1c01bbd47fc00a2c39e90264f33305004495a9","hash":"1883409b9e46e15a3b855e16bb62e056fc198f4c"}
,"D:\\ОБУЧЕНИЕ\\GoIT\\GoIt_Work\\NodeJS\\nodejs-GoIT-phonebook-API\\src\\validation\\contact-validation.js": {"path":"D:\\ОБУЧЕНИЕ\\GoIT\\GoIt_Work\\NodeJS\\nodejs-GoIT-phonebook-API\\src\\validation\\contact-validation.js","statementMap":{"0":{"start":{"line":1,"column":12},"end":{"line":1,"column":26}},"1":{"start":{"line":2,"column":15},"end":{"line":2,"column":33}},"2":{"start":{"line":4,"column":21},"end":{"line":4,"column":51}},"3":{"start":{"line":6,"column":21},"end":{"line":26,"column":2}},"4":{"start":{"line":28,"column":21},"end":{"line":47,"column":2}},"5":{"start":{"line":48,"column":22},"end":{"line":48,"column":50}},"6":{"start":{"line":50,"column":17},"end":{"line":61,"column":1}},"7":{"start":{"line":51,"column":20},"end":{"line":51,"column":41}},"8":{"start":{"line":52,"column":2},"end":{"line":59,"column":3}},"9":{"start":{"line":53,"column":26},"end":{"line":53,"column":39}},"10":{"start":{"line":54,"column":4},"end":{"line":58,"column":6}},"11":{"start":{"line":60,"column":2},"end":{"line":60,"column":8}},"12":{"start":{"line":63,"column":0},"end":{"line":65,"column":1}},"13":{"start":{"line":64,"column":2},"end":{"line":64,"column":47}},"14":{"start":{"line":67,"column":0},"end":{"line":69,"column":1}},"15":{"start":{"line":68,"column":2},"end":{"line":68,"column":47}},"16":{"start":{"line":71,"column":0},"end":{"line":75,"column":1}},"17":{"start":{"line":72,"column":24},"end":{"line":72,"column":34}},"18":{"start":{"line":73,"column":2},"end":{"line":73,"column":48}},"19":{"start":{"line":74,"column":2},"end":{"line":74,"column":49}}},"fnMap":{"0":{"name":"(anonymous_0)","decl":{"start":{"line":50,"column":17},"end":{"line":50,"column":18}},"loc":{"start":{"line":50,"column":41},"end":{"line":61,"column":1}},"line":50},"1":{"name":"(anonymous_1)","decl":{"start":{"line":63,"column":24},"end":{"line":63,"column":25}},"loc":{"start":{"line":63,"column":44},"end":{"line":65,"column":1}},"line":63},"2":{"name":"(anonymous_2)","decl":{"start":{"line":67,"column":24},"end":{"line":67,"column":25}},"loc":{"start":{"line":67,"column":44},"end":{"line":69,"column":1}},"line":67},"3":{"name":"(anonymous_3)","decl":{"start":{"line":71,"column":28},"end":{"line":71,"column":29}},"loc":{"start":{"line":71,"column":48},"end":{"line":75,"column":1}},"line":71}},"branchMap":{"0":{"loc":{"start":{"line":52,"column":2},"end":{"line":59,"column":3}},"type":"if","locations":[{"start":{"line":52,"column":2},"end":{"line":59,"column":3}},{"start":{"line":52,"column":2},"end":{"line":59,"column":3}}],"line":52}},"s":{"0":1,"1":1,"2":1,"3":1,"4":1,"5":1,"6":1,"7":10,"8":10,"9":6,"10":6,"11":4,"12":1,"13":4,"14":1,"15":3,"16":1,"17":3,"18":3,"19":3},"f":{"0":10,"1":4,"2":3,"3":3},"b":{"0":[6,4]},"_coverageSchema":"1a1c01bbd47fc00a2c39e90264f33305004495a9","hash":"6299e3a4443317064b6ebf59d512a60740e4efb2"}
,"D:\\ОБУЧЕНИЕ\\GoIT\\GoIt_Work\\NodeJS\\nodejs-GoIT-phonebook-API\\src\\validation\\user-validation.js": {"path":"D:\\ОБУЧЕНИЕ\\GoIT\\GoIt_Work\\NodeJS\\nodejs-GoIT-phonebook-API\\src\\validation\\user-validation.js","statementMap":{"0":{"start":{"line":1,"column":12},"end":{"line":1,"column":26}},"1":{"start":{"line":2,"column":15},"end":{"line":2,"column":33}},"2":{"start":{"line":4,"column":35},"end":{"line":4,"column":65}},"3":{"start":{"line":5,"column":23},"end":{"line":16,"column":2}},"4":{"start":{"line":18,"column":21},"end":{"line":35,"column":2}},"5":{"start":{"line":36,"column":22},"end":{"line":36,"column":50}},"6":{"start":{"line":38,"column":27},"end":{"line":43,"column":2}},"7":{"start":{"line":45,"column":17},"end":{"line":56,"column":1}},"8":{"start":{"line":46,"column":20},"end":{"line":46,"column":41}},"9":{"start":{"line":47,"column":2},"end":{"line":54,"column":3}},"10":{"start":{"line":48,"column":26},"end":{"line":48,"column":39}},"11":{"start":{"line":49,"column":4},"end":{"line":53,"column":6}},"12":{"start":{"line":55,"column":2},"end":{"line":55,"column":8}},"13":{"start":{"line":58,"column":0},"end":{"line":60,"column":1}},"14":{"start":{"line":59,"column":2},"end":{"line":59,"column":49}},"15":{"start":{"line":61,"column":0},"end":{"line":63,"column":1}},"16":{"start":{"line":62,"column":2},"end":{"line":62,"column":53}},"17":{"start":{"line":65,"column":0},"end":{"line":67,"column":1}},"18":{"start":{"line":66,"column":2},"end":{"line":66,"column":47}},"19":{"start":{"line":69,"column":0},"end":{"line":72,"column":1}},"20":{"start":{"line":70,"column":24},"end":{"line":70,"column":34}},"21":{"start":{"line":71,"column":2},"end":{"line":71,"column":49}},"22":{"start":{"line":74,"column":0},"end":{"line":84,"column":1}},"23":{"start":{"line":75,"column":2},"end":{"line":82,"column":3}},"24":{"start":{"line":76,"column":4},"end":{"line":81,"column":6}},"25":{"start":{"line":83,"column":2},"end":{"line":83,"column":8}}},"fnMap":{"0":{"name":"(anonymous_0)","decl":{"start":{"line":45,"column":17},"end":{"line":45,"column":18}},"loc":{"start":{"line":45,"column":41},"end":{"line":56,"column":1}},"line":45},"1":{"name":"(anonymous_1)","decl":{"start":{"line":58,"column":26},"end":{"line":58,"column":27}},"loc":{"start":{"line":58,"column":46},"end":{"line":60,"column":1}},"line":58},"2":{"name":"(anonymous_2)","decl":{"start":{"line":61,"column":36},"end":{"line":61,"column":37}},"loc":{"start":{"line":61,"column":56},"end":{"line":63,"column":1}},"line":61},"3":{"name":"(anonymous_3)","decl":{"start":{"line":65,"column":23},"end":{"line":65,"column":24}},"loc":{"start":{"line":65,"column":43},"end":{"line":67,"column":1}},"line":65},"4":{"name":"(anonymous_4)","decl":{"start":{"line":69,"column":24},"end":{"line":69,"column":25}},"loc":{"start":{"line":69,"column":44},"end":{"line":72,"column":1}},"line":69},"5":{"name":"(anonymous_5)","decl":{"start":{"line":74,"column":38},"end":{"line":74,"column":39}},"loc":{"start":{"line":74,"column":58},"end":{"line":84,"column":1}},"line":74}},"branchMap":{"0":{"loc":{"start":{"line":47,"column":2},"end":{"line":54,"column":3}},"type":"if","locations":[{"start":{"line":47,"column":2},"end":{"line":54,"column":3}},{"start":{"line":47,"column":2},"end":{"line":54,"column":3}}],"line":47},"1":{"loc":{"start":{"line":75,"column":2},"end":{"line":82,"column":3}},"type":"if","locations":[{"start":{"line":75,"column":2},"end":{"line":82,"column":3}},{"start":{"line":75,"column":2},"end":{"line":82,"column":3}}],"line":75}},"s":{"0":1,"1":1,"2":1,"3":1,"4":1,"5":1,"6":1,"7":1,"8":0,"9":0,"10":0,"11":0,"12":0,"13":1,"14":0,"15":1,"16":0,"17":1,"18":0,"19":1,"20":0,"21":0,"22":1,"23":0,"24":0,"25":0},"f":{"0":0,"1":0,"2":0,"3":0,"4":0,"5":0},"b":{"0":[0,0],"1":[0,0]},"_coverageSchema":"1a1c01bbd47fc00a2c39e90264f33305004495a9","hash":"f01763fba976b5ac954daa818a16d299f23b3960"}
}
