TN:
SF:config\passport.js
FN:14,(anonymous_0)
FNF:1
FNH:1
FNDA:11,(anonymous_0)
DA:1,1
DA:2,1
DA:3,1
DA:5,1
DA:6,1
DA:8,1
DA:13,1
DA:15,11
DA:16,11
DA:17,11
DA:18,0
DA:20,11
DA:21,0
DA:23,11
DA:25,0
LF:15
LH:12
BRDA:17,0,0,0
BRDA:17,0,1,11
BRDA:20,1,0,0
BRDA:20,1,1,11
BRF:4
BRH:2
end_of_record
TN:
SF:src\app.js
FN:22,(anonymous_0)
FN:31,(anonymous_1)
FNF:2
FNH:1
FNDA:0,(anonymous_0)
FNDA:7,(anonymous_1)
DA:1,1
DA:2,1
DA:3,1
DA:4,1
DA:6,1
DA:7,1
DA:8,1
DA:10,1
DA:12,1
DA:14,1
DA:15,1
DA:17,1
DA:19,1
DA:20,1
DA:22,1
DA:23,0
DA:31,1
DA:32,7
DA:33,7
DA:41,1
LF:20
LH:19
BRDA:32,0,0,7
BRDA:32,0,1,0
BRDA:33,1,0,7
BRDA:33,1,1,0
BRDA:34,2,0,0
BRDA:34,2,1,7
BRDA:37,3,0,0
BRDA:37,3,1,7
BRF:8
BRH:4
end_of_record
TN:
SF:src\api\contacts\contacts-router.js
FNF:0
FNH:0
DA:1,1
DA:2,1
DA:3,1
DA:4,1
DA:6,1
DA:7,1
DA:14,1
LF:7
LH:7
BRF:0
BRH:0
end_of_record
TN:
SF:src\api\users\users-router.js
FNF:0
FNH:0
DA:1,1
DA:2,1
DA:3,1
DA:4,1
DA:5,1
DA:7,1
DA:8,1
DA:16,1
LF:8
LH:8
BRF:0
BRH:0
end_of_record
TN:
SF:src\controllers\contacts-controllers.js
FN:4,(anonymous_0)
FN:20,(anonymous_1)
FN:44,(anonymous_2)
FN:68,(anonymous_3)
FN:95,(anonymous_4)
FNF:5
FNH:4
FNDA:1,(anonymous_0)
FNDA:2,(anonymous_1)
FNDA:1,(anonymous_2)
FNDA:1,(anonymous_3)
FNDA:0,(anonymous_4)
DA:1,1
DA:2,1
DA:4,1
DA:5,1
DA:6,1
DA:7,1
DA:8,1
DA:16,0
DA:20,1
DA:21,2
DA:22,2
DA:23,2
DA:24,2
DA:25,1
DA:33,1
DA:40,0
DA:44,1
DA:45,1
DA:46,1
DA:47,1
DA:48,1
DA:49,1
DA:57,0
DA:64,0
DA:68,1
DA:69,1
DA:70,1
DA:71,1
DA:72,1
DA:73,1
DA:74,1
DA:75,1
DA:83,0
DA:89,0
DA:91,0
DA:95,1
DA:96,0
DA:97,0
DA:98,0
DA:99,0
DA:100,0
DA:106,0
DA:113,0
DA:117,1
LF:44
LH:30
BRDA:24,0,0,1
BRDA:24,0,1,1
BRDA:48,1,0,1
BRDA:48,1,1,0
BRDA:72,2,0,1
BRDA:72,2,1,0
BRDA:72,3,0,1
BRDA:72,3,1,0
BRDA:72,3,2,0
BRDA:74,4,0,1
BRDA:74,4,1,0
BRDA:99,5,0,0
BRDA:99,5,1,0
BRF:13
BRH:6
end_of_record
TN:
SF:src\controllers\users-controllers.js
FN:13,(anonymous_0)
FN:42,(anonymous_1)
FN:70,(anonymous_2)
FN:93,(anonymous_3)
FN:104,(anonymous_4)
FN:133,(anonymous_5)
FN:140,(anonymous_6)
FN:152,(anonymous_7)
FNF:8
FNH:0
FNDA:0,(anonymous_0)
FNDA:0,(anonymous_1)
FNDA:0,(anonymous_2)
FNDA:0,(anonymous_3)
FNDA:0,(anonymous_4)
FNDA:0,(anonymous_5)
FNDA:0,(anonymous_6)
FNDA:0,(anonymous_7)
DA:1,1
DA:2,1
DA:3,1
DA:4,1
DA:5,1
DA:6,1
DA:7,1
DA:9,1
DA:11,1
DA:13,1
DA:14,0
DA:15,0
DA:16,0
DA:17,0
DA:18,0
DA:25,0
DA:26,0
DA:38,0
DA:42,1
DA:43,0
DA:44,0
DA:45,0
DA:46,0
DA:47,0
DA:54,0
DA:55,0
DA:56,0
DA:57,0
DA:58,0
DA:66,0
DA:70,1
DA:71,0
DA:72,0
DA:73,0
DA:74,0
DA:75,0
DA:82,0
DA:83,0
DA:89,0
DA:93,1
DA:94,0
DA:99,0
DA:100,0
DA:101,0
DA:103,0
DA:104,0
DA:105,0
DA:106,0
DA:108,0
DA:111,0
DA:112,0
DA:115,0
DA:117,0
DA:118,0
DA:120,0
DA:129,0
DA:133,1
DA:134,0
DA:135,0
DA:137,0
DA:140,1
DA:141,0
DA:142,0
DA:143,0
DA:144,0
DA:145,0
DA:146,0
DA:147,0
DA:151,0
DA:152,0
DA:153,0
DA:154,0
DA:155,0
DA:157,0
DA:159,0
DA:160,0
DA:168,0
DA:172,1
LF:78
LH:16
BRDA:17,0,0,0
BRDA:17,0,1,0
BRDA:46,1,0,0
BRDA:46,1,1,0
BRDA:46,2,0,0
BRDA:46,2,1,0
BRDA:74,3,0,0
BRDA:74,3,1,0
BRDA:100,4,0,0
BRDA:100,4,1,0
BRDA:105,5,0,0
BRDA:105,5,1,0
BRDA:111,6,0,0
BRDA:111,6,1,0
BRDA:111,7,0,0
BRDA:111,7,1,0
BRDA:117,8,0,0
BRDA:117,8,1,0
BRF:18
BRH:0
end_of_record
TN:
SF:src\helpers\constans.js
FNF:0
FNH:0
DA:1,1
DA:13,1
DA:19,1
LF:3
LH:3
BRF:0
BRH:0
end_of_record
TN:
SF:src\helpers\create-dir.js
FN:3,(anonymous_0)
FN:6,(anonymous_1)
FN:7,(anonymous_2)
FN:10,(anonymous_3)
FNF:4
FNH:0
FNDA:0,(anonymous_0)
FNDA:0,(anonymous_1)
FNDA:0,(anonymous_2)
FNDA:0,(anonymous_3)
DA:1,1
DA:3,1
DA:4,0
DA:6,0
DA:7,0
DA:10,1
DA:11,0
DA:12,0
DA:16,1
LF:9
LH:4
BRDA:11,0,0,0
BRDA:11,0,1,0
BRF:2
BRH:0
end_of_record
TN:
SF:src\helpers\guard.js
FN:5,(anonymous_0)
FN:6,(anonymous_1)
FNF:2
FNH:2
FNDA:11,(anonymous_0)
FNDA:11,(anonymous_1)
DA:1,1
DA:2,1
DA:3,1
DA:5,1
DA:6,11
DA:7,11
DA:8,11
DA:9,11
DA:10,11
DA:12,11
DA:13,0
DA:20,11
DA:21,11
DA:25,1
LF:14
LH:13
BRDA:8,0,0,11
BRDA:8,0,1,0
BRDA:12,1,0,0
BRDA:12,1,1,11
BRDA:12,2,0,11
BRDA:12,2,1,11
BRDA:12,2,2,11
BRF:7
BRH:5
end_of_record
TN:
SF:src\helpers\upload.js
FN:8,(anonymous_0)
FN:11,(anonymous_1)
FN:19,(anonymous_2)
FNF:3
FNH:0
FNDA:0,(anonymous_0)
FNDA:0,(anonymous_1)
FNDA:0,(anonymous_2)
DA:1,1
DA:2,1
DA:3,1
DA:5,1
DA:7,1
DA:9,0
DA:12,0
DA:16,1
DA:20,0
DA:21,0
DA:22,0
DA:24,0
DA:28,1
LF:13
LH:7
BRDA:20,0,0,0
BRDA:20,0,1,0
BRF:2
BRH:0
end_of_record
TN:
SF:src\validation\contact-validation.js
FN:50,(anonymous_0)
FN:63,(anonymous_1)
FN:67,(anonymous_2)
FN:71,(anonymous_3)
FNF:4
FNH:4
FNDA:10,(anonymous_0)
FNDA:4,(anonymous_1)
FNDA:3,(anonymous_2)
FNDA:3,(anonymous_3)
DA:1,1
DA:2,1
DA:4,1
DA:6,1
DA:28,1
DA:48,1
DA:50,1
DA:51,10
DA:52,10
DA:53,6
DA:54,6
DA:60,4
DA:63,1
DA:64,4
DA:67,1
DA:68,3
DA:71,1
DA:72,3
DA:73,3
DA:74,3
LF:20
LH:20
BRDA:52,0,0,6
BRDA:52,0,1,4
BRF:2
BRH:2
end_of_record
TN:
SF:src\validation\user-validation.js
FN:45,(anonymous_0)
FN:58,(anonymous_1)
FN:61,(anonymous_2)
FN:65,(anonymous_3)
FN:69,(anonymous_4)
FN:74,(anonymous_5)
FNF:6
FNH:0
FNDA:0,(anonymous_0)
FNDA:0,(anonymous_1)
FNDA:0,(anonymous_2)
FNDA:0,(anonymous_3)
FNDA:0,(anonymous_4)
FNDA:0,(anonymous_5)
DA:1,1
DA:2,1
DA:4,1
DA:5,1
DA:18,1
DA:36,1
DA:38,1
DA:45,1
DA:46,0
DA:47,0
DA:48,0
DA:49,0
DA:55,0
DA:58,1
DA:59,0
DA:61,1
DA:62,0
DA:65,1
DA:66,0
DA:69,1
DA:70,0
DA:71,0
DA:74,1
DA:75,0
DA:76,0
DA:83,0
LF:26
LH:13
BRDA:47,0,0,0
BRDA:47,0,1,0
BRDA:75,1,0,0
BRDA:75,1,1,0
BRF:4
BRH:0
end_of_record
